<?xml version="1.0" encoding="UTF-8"?>
<!-- Generated by org.testng.reporters.JUnitXMLReporter -->
<testsuite hostname="BDC6-L-8B4K2B3" ignored="0" tests="5" failures="0" timestamp="2022-02-05T20:32:02 IST" time="0.076" errors="0">
  <testcase name="doTest1" time="0.011" classname="Sample"/>
  <testcase name="doTest2" time="0.001" classname="Sample"/>
  <testcase name="doTest3" time="0.001" classname="Sample"/>
  <testcase name="doTest4" time="0.001" classname="Sample"/>
  <testcase name="doTest5" time="0.001" classname="Sample"/>
</testsuite>
