<?xml version="1.0" encoding="UTF-8"?>
<testng-results skipped="0" failed="0" ignored="0" total="5" passed="5">
  <reporter-output>
  </reporter-output>
  <suite name="Default suite" duration-ms="76" started-at="2022-02-05T20:32:02 IST" finished-at="2022-02-05T20:32:02 IST">
    <groups>
    </groups>
    <test name="Default test" duration-ms="76" started-at="2022-02-05T20:32:02 IST" finished-at="2022-02-05T20:32:02 IST">
      <class name="Sample">
        <test-method status="PASS" signature="doTest1()[pri:0, instance:Sample@536aaa8d]" name="doTest1" duration-ms="11" started-at="2022-02-05T20:32:02 IST" finished-at="2022-02-05T20:32:02 IST">
          <reporter-output>
          </reporter-output>
        </test-method> <!-- doTest1 -->
        <test-method status="PASS" signature="doTest2()[pri:0, instance:Sample@536aaa8d]" name="doTest2" duration-ms="1" started-at="2022-02-05T20:32:02 IST" finished-at="2022-02-05T20:32:02 IST">
          <reporter-output>
          </reporter-output>
        </test-method> <!-- doTest2 -->
        <test-method status="PASS" signature="doTest3()[pri:0, instance:Sample@536aaa8d]" name="doTest3" duration-ms="1" started-at="2022-02-05T20:32:02 IST" finished-at="2022-02-05T20:32:02 IST">
          <reporter-output>
          </reporter-output>
        </test-method> <!-- doTest3 -->
        <test-method status="PASS" signature="doTest4()[pri:0, instance:Sample@536aaa8d]" name="doTest4" duration-ms="1" started-at="2022-02-05T20:32:02 IST" finished-at="2022-02-05T20:32:02 IST">
          <reporter-output>
          </reporter-output>
        </test-method> <!-- doTest4 -->
        <test-method status="PASS" signature="doTest5()[pri:0, instance:Sample@536aaa8d]" name="doTest5" duration-ms="1" started-at="2022-02-05T20:32:02 IST" finished-at="2022-02-05T20:32:02 IST">
          <reporter-output>
          </reporter-output>
        </test-method> <!-- doTest5 -->
      </class> <!-- Sample -->
    </test> <!-- Default test -->
  </suite> <!-- Default suite -->
</testng-results>
